<?xml version="1.0" encoding="UTF-8"?>
<!-- Generated by org.testng.reporters.JUnitReportReporter -->
<testsuite hostname="DESKTOP-KOT29CH" failures="0" tests="3" name="orange.hRM.tests.Authorization" time="49.872" errors="0" timestamp="2024-05-25T01:10:10 IST" skipped="0">
  <testcase classname="orange.hRM.tests.Authorization" name="invalidUsername" time="11.616"/>
  <testcase classname="orange.hRM.tests.Authorization" name="invalidUsername" time="11.846"/>
  <testcase classname="orange.hRM.tests.Authorization" name="validLogin" time="26.410"/>
</testsuite> <!-- orange.hRM.tests.Authorization -->
