<?xml version="1.0" encoding="UTF-8"?>
<!-- Generated by org.testng.reporters.JUnitReportReporter -->
<testsuite hostname="DESKTOP-KOT29CH" failures="0" tests="1" name="orange.hRM.tests.EmployeeManagement" time="43.321" errors="0" timestamp="2024-05-25T23:45:37 IST" skipped="0">
  <testcase classname="orange.hRM.tests.EmployeeManagement" name="createEmployee" time="43.321"/>
</testsuite> <!-- orange.hRM.tests.EmployeeManagement -->
