<?xml version="1.0" encoding="UTF-8"?>
<!-- Generated by org.testng.reporters.JUnitReportReporter -->
<testsuite hostname="DESKTOP-KOT29CH" failures="0" tests="1" name="orange.hRM.tests.UserManagement" time="0.007" errors="0" timestamp="2024-05-07T23:07:37 IST" skipped="0">
  <testcase classname="orange.hRM.tests.UserManagement" name="test" time="0.007"/>
</testsuite> <!-- orange.hRM.tests.UserManagement -->
