<?xml version="1.0" encoding="UTF-8"?>
<!-- Generated by org.testng.reporters.JUnitReportReporter -->
<testsuite hostname="DESKTOP-KOT29CH" failures="0" tests="3" name="orange.hRM.tests.Authorization" time="41.768" errors="0" timestamp="2024-05-24T14:44:33 IST" skipped="0">
  <testcase classname="orange.hRM.tests.Authorization" name="invalidUsername" time="9.313"/>
  <testcase classname="orange.hRM.tests.Authorization" name="validLogin" time="23.488"/>
  <testcase classname="orange.hRM.tests.Authorization" name="invalidUsername" time="8.967"/>
</testsuite> <!-- orange.hRM.tests.Authorization -->
